#
# There is insufficient memory for the Java Runtime Environment to continue.
# Native memory allocation (mmap) failed to map 167772160 bytes for G1 virtual space
# Possible reasons:
#   The system is out of physical RAM or swap space
#   The process is running with CompressedOops enabled, and the Java Heap may be blocking the growth of the native heap
# Possible solutions:
#   Reduce memory load on the system
#   Increase physical memory or swap space
#   Check if swap backing store is full
#   Decrease Java heap size (-Xmx/-Xms)
#   Decrease number of Java threads
#   Decrease Java thread stack sizes (-Xss)
#   Set larger code cache with -XX:ReservedCodeCacheSize=
#   JVM is running with Zero Based Compressed Oops mode in which the Java heap is
#     placed in the first 32GB address space. The Java Heap base address is the
#     maximum limit for the native heap growth. Please use -XX:HeapBaseMinAddress
#     to set the Java Heap base and to place the Java Heap above 32GB virtual address.
# This output file may be truncated or incomplete.
#
#  Out of Memory Error (os_windows.cpp:3530), pid=22548, tid=6608
#
# JRE version:  (18.0.2.1+1) (build )
# Java VM: Java HotSpot(TM) 64-Bit Server VM (18.0.2.1+1-1, mixed mode, sharing, tiered, compressed oops, compressed class ptrs, g1 gc, windows-amd64)
# No core dump will be written. Minidumps are not enabled by default on client versions of Windows
#

---------------  S U M M A R Y ------------

Command Line: -Dfile.encoding=UTF-8 --module-path=C:\Users\HP\eclipse-workspace\consultorioDental\bin;C:\Users\HP\eclipse-workspace\consultorioDental\Driver\mysql-connector-j-8.2.0.jar;C:\Users\HP\eclipse-workspace\consultorioDental\flatlaf lib\flatlaf-3.2.5.jar;C:\Users\HP\eclipse-workspace\consultorioDental\TimingFramework\TimingFramework-0.55.jar -XX:+ShowCodeDetailsInExceptionMessages -Djdk.module.main=consultorioDental consultorioDental/clinica.Main

Host: AMD Ryzen 3 3300U with Radeon Vega Mobile Gfx  , 4 cores, 9G,  Windows 10 , 64 bit Build 19041 (10.0.19041.3636)
Time: Mon Nov 27 06:11:17 2023 Hora estándar central (México) elapsed time: 0.015782 seconds (0d 0h 0m 0s)

---------------  T H R E A D  ---------------

Current thread (0x000001615de90db0):  JavaThread "Unknown thread" [_thread_in_vm, id=6608, stack(0x0000002284600000,0x0000002284700000)]

Stack: [0x0000002284600000,0x0000002284700000]
Native frames: (J=compiled Java code, j=interpreted, Vv=VM code, C=native code)
V  [jvm.dll+0x6993aa]
V  [jvm.dll+0x7f46dd]
V  [jvm.dll+0x7f5fee]
V  [jvm.dll+0x7f66a3]
V  [jvm.dll+0x25cf1f]
V  [jvm.dll+0x6962f9]
V  [jvm.dll+0x68ae2a]
V  [jvm.dll+0x32255b]
V  [jvm.dll+0x329f36]
V  [jvm.dll+0x37eade]
V  [jvm.dll+0x37ed0f]
V  [jvm.dll+0x2fa2da]
V  [jvm.dll+0x2fb33d]
V  [jvm.dll+0x7c3310]
V  [jvm.dll+0x38be61]
V  [jvm.dll+0x7a2023]
V  [jvm.dll+0x40dc3f]
V  [jvm.dll+0x40f611]
C  [jli.dll+0x526b]
C  [ucrtbase.dll+0x21bb2]
C  [KERNEL32.DLL+0x17344]
C  [ntdll.dll+0x526b1]


---------------  P R O C E S S  ---------------

Threads class SMR info:
_java_thread_list=0x00007fff028de550, length=0, elements={
}

Java Threads: ( => current thread )

Other Threads:
  0x000001615dee51e0 WorkerThread "GC Thread#0" [stack: 0x0000002284700000,0x0000002284800000] [id=22620]
  0x000001615deeffd0 ConcurrentGCThread "G1 Main Marker" [stack: 0x0000002284800000,0x0000002284900000] [id=17184]
  0x000001615def1160 WorkerThread "G1 Conc#0" [stack: 0x0000002284900000,0x0000002284a00000] [id=3752]

[error occurred during error reporting (printing all threads), id 0xc0000005, EXCEPTION_ACCESS_VIOLATION (0xc0000005) at pc=0x00007fff0210a877]

VM state: not at safepoint (not fully initialized)

VM Mutex/Monitor currently owned by a thread:  ([mutex/lock_event])
[0x000001615de8de00] Heap_lock - owner thread: 0x000001615de90db0

Heap address: 0x0000000761400000, size: 2540 MB, Compressed Oops mode: Zero based, Oop shift amount: 3

CDS archive(s) mapped at: [0x0000000000000000-0x0000000000000000-0x0000000000000000), size 0, SharedBaseAddress: 0x0000000800000000, ArchiveRelocationMode: 0.
Narrow klass base: 0x0000000000000000, Narrow klass shift: 0, Narrow klass range: 0x0

GC Precious Log:
 CardTable entry size: 512
 Card Set container configuration: InlinePtr #cards 4 size 8 Array Of Cards #cards 16 size 48 Howl #buckets 8 coarsen threshold 3686 Howl Bitmap #cards 512 size 80 coarsen threshold 460 Card regions per heap region 1 cards per card region 4096

Heap:
 garbage-first heap   total 0K, used 0K [0x0000000761400000, 0x0000000800000000)
  region size 2048K, 0 young (0K), 0 survivors (0K)

[error occurred during error reporting (printing heap information), id 0xc0000005, EXCEPTION_ACCESS_VIOLATION (0xc0000005) at pc=0x00007fff024f1839]

GC Heap History (0 events):
No events

Deoptimization events (0 events):
No events

Classes loaded (0 events):
No events

Classes unloaded (0 events):
No events

Classes redefined (0 events):
No events

Internal exceptions (0 events):
No events

VM Operations (0 events):
No events

Events (1 events):
Event: 0.010 Loaded shared library C:\Program Files\Java\jdk-18.0.2.1\bin\java.dll


Dynamic libraries:
0x00007ff6fdeb0000 - 0x00007ff6fdec0000 	C:\Program Files\Java\jdk-18.0.2.1\bin\javaw.exe
0x00007fff726f0000 - 0x00007fff728e8000 	C:\WINDOWS\SYSTEM32\ntdll.dll
0x00007fff71c80000 - 0x00007fff71d3d000 	C:\WINDOWS\System32\KERNEL32.DLL
0x00007fff70450000 - 0x00007fff70746000 	C:\WINDOWS\System32\KERNELBASE.dll
0x00007fff6ffc0000 - 0x00007fff700c0000 	C:\WINDOWS\System32\ucrtbase.dll
0x00007fff68eb0000 - 0x00007fff68ec8000 	C:\Program Files\Java\jdk-18.0.2.1\bin\jli.dll
0x00007fff68ed0000 - 0x00007fff68eea000 	C:\Program Files\Java\jdk-18.0.2.1\bin\VCRUNTIME140.dll
0x00007fff721d0000 - 0x00007fff7227f000 	C:\WINDOWS\System32\ADVAPI32.dll
0x00007fff723b0000 - 0x00007fff7244e000 	C:\WINDOWS\System32\msvcrt.dll
0x00007fff70c30000 - 0x00007fff70ccc000 	C:\WINDOWS\System32\sechost.dll
0x00007fff70b00000 - 0x00007fff70c26000 	C:\WINDOWS\System32\RPCRT4.dll
0x00007fff72510000 - 0x00007fff726ae000 	C:\WINDOWS\System32\USER32.dll
0x00007fff70210000 - 0x00007fff70232000 	C:\WINDOWS\System32\win32u.dll
0x00007fff59e20000 - 0x00007fff5a0ba000 	C:\WINDOWS\WinSxS\amd64_microsoft.windows.common-controls_6595b64144ccf1df_6.0.19041.3636_none_60b6a03d71f818d5\COMCTL32.dll
0x00007fff71c50000 - 0x00007fff71c7c000 	C:\WINDOWS\System32\GDI32.dll
0x00007fff6fe70000 - 0x00007fff6ff8a000 	C:\WINDOWS\System32\gdi32full.dll
0x00007fff6fdd0000 - 0x00007fff6fe6d000 	C:\WINDOWS\System32\msvcp_win.dll
0x00007fff691c0000 - 0x00007fff691ca000 	C:\WINDOWS\SYSTEM32\VERSION.dll
0x00007fff70a60000 - 0x00007fff70a90000 	C:\WINDOWS\System32\IMM32.DLL
0x00007fff6abb0000 - 0x00007fff6abbc000 	C:\Program Files\Java\jdk-18.0.2.1\bin\vcruntime140_1.dll
0x00007fff54410000 - 0x00007fff5449d000 	C:\Program Files\Java\jdk-18.0.2.1\bin\msvcp140.dll
0x00007fff01e00000 - 0x00007fff02a11000 	C:\Program Files\Java\jdk-18.0.2.1\bin\server\jvm.dll
0x00007fff72500000 - 0x00007fff72508000 	C:\WINDOWS\System32\PSAPI.DLL
0x00007fff67080000 - 0x00007fff670a7000 	C:\WINDOWS\SYSTEM32\WINMM.dll
0x00007fff60c70000 - 0x00007fff60c79000 	C:\WINDOWS\SYSTEM32\WSOCK32.dll
0x00007fff70a90000 - 0x00007fff70afb000 	C:\WINDOWS\System32\WS2_32.dll
0x00007fff6dc90000 - 0x00007fff6dca2000 	C:\WINDOWS\SYSTEM32\kernel.appcore.dll
0x00007fff6a1f0000 - 0x00007fff6a1fa000 	C:\Program Files\Java\jdk-18.0.2.1\bin\jimage.dll
0x00007fff55a50000 - 0x00007fff55c34000 	C:\WINDOWS\SYSTEM32\DBGHELP.DLL
0x00007fff55900000 - 0x00007fff55934000 	C:\WINDOWS\SYSTEM32\dbgcore.DLL
0x00007fff70180000 - 0x00007fff70202000 	C:\WINDOWS\System32\bcryptPrimitives.dll
0x00007fff67e60000 - 0x00007fff67e85000 	C:\Program Files\Java\jdk-18.0.2.1\bin\java.dll

dbghelp: loaded successfully - version: 4.0.5 - missing functions: none
symbol engine: initialized successfully - sym options: 0x614 - pdb path: .;C:\Program Files\Java\jdk-18.0.2.1\bin;C:\WINDOWS\SYSTEM32;C:\WINDOWS\WinSxS\amd64_microsoft.windows.common-controls_6595b64144ccf1df_6.0.19041.3636_none_60b6a03d71f818d5;C:\Program Files\Java\jdk-18.0.2.1\bin\server

VM Arguments:
jvm_args: -Dfile.encoding=UTF-8 --module-path=C:\Users\HP\eclipse-workspace\consultorioDental\bin;C:\Users\HP\eclipse-workspace\consultorioDental\Driver\mysql-connector-j-8.2.0.jar;C:\Users\HP\eclipse-workspace\consultorioDental\flatlaf lib\flatlaf-3.2.5.jar;C:\Users\HP\eclipse-workspace\consultorioDental\TimingFramework\TimingFramework-0.55.jar -XX:+ShowCodeDetailsInExceptionMessages -Djdk.module.main=consultorioDental 
java_command: consultorioDental/clinica.Main
java_class_path (initial): <not set>
Launcher Type: SUN_STANDARD

[Global flags]
     intx CICompilerCount                          = 3                                         {product} {ergonomic}
     uint ConcGCThreads                            = 1                                         {product} {ergonomic}
     uint G1ConcRefinementThreads                  = 4                                         {product} {ergonomic}
   size_t G1HeapRegionSize                         = 2097152                                   {product} {ergonomic}
    uintx GCDrainStackTargetSize                   = 64                                        {product} {ergonomic}
   size_t InitialHeapSize                          = 167772160                                 {product} {ergonomic}
   size_t MarkStackSize                            = 4194304                                   {product} {ergonomic}
   size_t MaxHeapSize                              = 2663383040                                {product} {ergonomic}
   size_t MinHeapDeltaBytes                        = 2097152                                   {product} {ergonomic}
   size_t MinHeapSize                              = 8388608                                   {product} {ergonomic}
    uintx NonNMethodCodeHeapSize                   = 5832780                                {pd product} {ergonomic}
    uintx NonProfiledCodeHeapSize                  = 122912730                              {pd product} {ergonomic}
    uintx ProfiledCodeHeapSize                     = 122912730                              {pd product} {ergonomic}
    uintx ReservedCodeCacheSize                    = 251658240                              {pd product} {ergonomic}
     bool SegmentedCodeCache                       = true                                      {product} {ergonomic}
     bool ShowCodeDetailsInExceptionMessages       = true                                   {manageable} {command line}
   size_t SoftMaxHeapSize                          = 2663383040                             {manageable} {ergonomic}
     bool UseCompressedClassPointers               = true                           {product lp64_product} {ergonomic}
     bool UseCompressedOops                        = true                           {product lp64_product} {ergonomic}
     bool UseG1GC                                  = true                                      {product} {ergonomic}
     bool UseLargePagesIndividualAllocation        = false                                  {pd product} {ergonomic}

Logging:
Log output configuration:
 #0: stdout all=warning uptime,level,tags foldmultilines=false
 #1: stderr all=off uptime,level,tags foldmultilines=false

Environment Variables:
PATH=C:\app\HP\product\21c\dbhomeXE\bin;C:\ProgramData\Oracle\Java\javapath;C:\Program Files\Common Files\Oracle\Java\javapath;C:\WINDOWS\system32;C:\WINDOWS;C:\WINDOWS\System32\Wbem;C:\WINDOWS\System32\WindowsPowerShell\v1.0\;C:\WINDOWS\System32\OpenSSH\;C:\Program Files (x86)\Microsoft SQL Server\160\Tools\Binn\;C:\Program Files\Microsoft SQL Server\160\Tools\Binn\;C:\Program Files\Microsoft SQL Server\Client SDK\ODBC\170\Tools\Binn\;C:\Program Files\Microsoft SQL Server\160\DTS\Binn\;C:\Program Files (x86)\Microsoft SQL Server\160\DTS\Binn\;C:\Program Files\Azure Data Studio\bin;C:\Users\HP\AppData\Local\Microsoft\WindowsApps;;C:\Users\HP\AppData\Local\Programs\Microsoft VS Code\bin;C:\Program Files\Azure Data Studio\bin
USERNAME=HP
OS=Windows_NT
PROCESSOR_IDENTIFIER=AMD64 Family 23 Model 24 Stepping 1, AuthenticAMD



---------------  S Y S T E M  ---------------

OS:
 Windows 10 , 64 bit Build 19041 (10.0.19041.3636)
OS uptime: 5 days 16:15 hours

CPU: total 4 (initial active 4) (4 cores per cpu, 1 threads per core) family 23 model 24 stepping 1 microcode 0x0, cx8, cmov, fxsr, mmx, 3dnowpref, sse, sse2, sse3, ssse3, sse4a, sse4.1, sse4.2, popcnt, lzcnt, tsc, tscinvbit, avx, avx2, aes, clmul, bmi1, bmi2, adx, sha, fma, vzeroupper, clflush, clflushopt

Memory: 4k page, system-wide physical 10153M (734M free)
TotalPageFile size 25259M (AvailPageFile size 31M)
current process WorkingSet (physical memory assigned to process): 10M, peak: 10M
current process commit charge ("private bytes"): 51M, peak: 211M

vm_info: Java HotSpot(TM) 64-Bit Server VM (18.0.2.1+1-1) for windows-amd64 JRE (18.0.2.1+1-1), built on Aug 16 2022 01:46:33 by "mach5one" with MS VC++ 16.8 / 16.9 (VS2019)

END.
